<?xml version="1.0" encoding="UTF-8"?>
<!-- Generated by org.testng.reporters.JUnitReportReporter -->
<testsuite hostname="admins-MacBook-Pro.local" failures="0" tests="3" name="MyRunner.TestRunner" time="25.764" errors="0" timestamp="2022-04-24T12:11:01 CEST" skipped="0">
  <testcase classname="MyRunner.TestRunner" name="runScenario" time="13.974"/>
  <system-out/>
  <testcase classname="MyRunner.TestRunner" name="runScenario" time="6.728"/>
  <system-out/>
  <testcase classname="MyRunner.TestRunner" name="runScenario" time="5.062"/>
  <system-out/>
</testsuite> <!-- MyRunner.TestRunner -->
