<?xml version="1.0" encoding="UTF-8"?>
<!-- Generated by org.testng.reporters.JUnitReportReporter -->
<testsuite skipped="0" hostname="admins-MacBook-Pro.local" name="MyRunner.TestRunner" tests="3" failures="0" timestamp="2022-04-24T11:55:29 CEST" time="27.166" errors="0">
  <testcase name="runScenario" time="7.105" classname="MyRunner.TestRunner"/>
  <system-out/>
  <testcase name="runScenario" time="5.403" classname="MyRunner.TestRunner"/>
  <system-out/>
  <testcase name="runScenario" time="14.658" classname="MyRunner.TestRunner"/>
  <system-out/>
</testsuite> <!-- MyRunner.TestRunner -->
